2020-02-14 13:13:27 INFO  Employee:26 - Browser Opened
2020-02-14 13:13:27 INFO  Employee:32 - Login Page
2020-02-14 13:13:29 INFO  Employee:38 - Credentials entered
2020-02-14 13:13:34 INFO  Employee:40 - User login to the application
2020-02-14 13:13:35 INFO  Employee:42 - Dashboard
2020-02-14 13:13:36 INFO  Employee:51 - PIM Module page
2020-02-14 13:13:45 INFO  Employee:74 - Add Employee page
2020-02-14 13:13:59 INFO  Employee:94 - Redirect to personal details page
2020-02-14 13:14:00 INFO  Employee:102 - Employee added page
2020-02-14 13:14:02 INFO  Employee:74 - Add Employee page
2020-02-14 13:14:15 INFO  Employee:94 - Redirect to personal details page
2020-02-14 13:14:16 INFO  Employee:102 - Employee added page
2020-02-14 13:14:17 INFO  Employee:74 - Add Employee page
2020-02-14 13:14:30 INFO  Employee:94 - Redirect to personal details page
2020-02-14 13:14:31 INFO  Employee:102 - Employee added page
2020-02-14 13:14:32 INFO  Employee:74 - Add Employee page
2020-02-14 13:14:45 INFO  Employee:94 - Redirect to personal details page
2020-02-14 13:14:46 INFO  Employee:102 - Employee added page
2020-02-14 13:14:47 INFO  Employee:261 - User logout from the application
2020-02-14 13:14:47 INFO  Employee:32 - Login Page
2020-02-14 13:14:48 INFO  Employee:38 - Credentials entered
2020-02-14 13:14:49 INFO  Employee:40 - User login to the application
2020-02-14 13:14:49 INFO  Employee:42 - Dashboard
2020-02-14 13:14:50 INFO  Employee:51 - PIM Module page
2020-02-14 13:14:52 INFO  Employee:74 - Add Employee page
2020-02-14 13:15:05 INFO  Employee:94 - Redirect to personal details page
2020-02-14 13:15:06 INFO  Employee:102 - Employee added page
2020-02-14 13:15:06 INFO  Employee:143 - textbox are enable to edit
2020-02-14 13:15:09 INFO  Employee:171 - Personal Details are entered
2020-02-14 13:15:11 INFO  Employee:186 - Successfully Saved

2020-02-14 13:15:13 INFO  Employee:74 - Add Employee page
2020-02-14 13:15:26 INFO  Employee:94 - Redirect to personal details page
2020-02-14 13:15:26 INFO  Employee:102 - Employee added page
2020-02-14 13:15:27 INFO  Employee:143 - textbox are enable to edit
2020-02-14 13:15:28 INFO  Employee:171 - Personal Details are entered
2020-02-14 13:15:31 INFO  Employee:186 - Successfully Saved

2020-02-14 13:15:32 INFO  Employee:74 - Add Employee page
2020-02-14 13:15:45 INFO  Employee:94 - Redirect to personal details page
2020-02-14 13:15:45 INFO  Employee:102 - Employee added page
2020-02-14 13:15:46 INFO  Employee:143 - textbox are enable to edit
2020-02-14 13:15:48 INFO  Employee:171 - Personal Details are entered
2020-02-14 13:15:50 INFO  Employee:186 - Successfully Saved

2020-02-14 13:15:52 INFO  Employee:74 - Add Employee page
2020-02-14 13:16:05 INFO  Employee:94 - Redirect to personal details page
2020-02-14 13:16:06 INFO  Employee:102 - Employee added page
2020-02-14 13:16:06 INFO  Employee:143 - textbox are enable to edit
2020-02-14 13:16:08 INFO  Employee:171 - Personal Details are entered
2020-02-14 13:16:11 INFO  Employee:186 - Successfully Saved

2020-02-14 13:16:13 INFO  Employee:261 - User logout from the application
2020-02-14 13:16:13 INFO  Employee:32 - Login Page
2020-02-14 13:16:13 INFO  Employee:38 - Credentials entered
2020-02-14 13:16:15 INFO  Employee:40 - User login to the application
2020-02-14 13:16:15 INFO  Employee:42 - Dashboard
2020-02-14 13:16:17 INFO  Employee:223 - Redirect to search page
2020-02-14 13:16:19 INFO  Employee:233 - Employee found
2020-02-14 13:16:19 INFO  Employee:244 - Redirect to personal detials page
2020-02-14 13:16:19 INFO  Employee:143 - textbox are enable to edit
2020-02-14 13:16:21 INFO  Employee:171 - Personal Details are entered
2020-02-14 13:16:23 INFO  Employee:186 - Successfully Saved

2020-02-14 13:16:25 INFO  Employee:223 - Redirect to search page
2020-02-14 13:16:27 INFO  Employee:233 - Employee found
2020-02-14 13:16:27 INFO  Employee:244 - Redirect to personal detials page
2020-02-14 13:16:28 INFO  Employee:143 - textbox are enable to edit
2020-02-14 13:16:30 INFO  Employee:171 - Personal Details are entered
2020-02-14 13:16:32 INFO  Employee:186 - Successfully Saved

2020-02-14 13:16:36 INFO  Employee:223 - Redirect to search page
2020-02-14 13:16:38 INFO  Employee:233 - Employee found
2020-02-14 13:16:39 INFO  Employee:244 - Redirect to personal detials page
2020-02-14 13:16:39 INFO  Employee:143 - textbox are enable to edit
2020-02-14 13:16:41 INFO  Employee:171 - Personal Details are entered
2020-02-14 13:16:43 INFO  Employee:186 - Successfully Saved

2020-02-14 13:16:46 INFO  Employee:223 - Redirect to search page
2020-02-14 13:16:48 INFO  Employee:233 - Employee found
2020-02-14 13:16:48 INFO  Employee:244 - Redirect to personal detials page
2020-02-14 13:16:49 INFO  Employee:143 - textbox are enable to edit
2020-02-14 13:16:50 INFO  Employee:171 - Personal Details are entered
2020-02-14 13:16:52 INFO  Employee:186 - Successfully Saved

2020-02-14 13:16:54 INFO  Employee:261 - User logout from the application
2020-02-14 13:16:56 INFO  Employee:269 - Browser closed
2020-02-14 13:16:56 INFO  Employee:275 - Database validation started
2020-02-14 13:16:59 INFO  Employee:281 - Database validation ended
